2021-02-17 15:27:09 Error: [Cake\Http\Exception\NotFoundException] Not Found in /mnt/g/workspace/cakephp_test/myApp/src/Controller/PagesController.php on line 70
Stack Trace:
- /mnt/g/workspace/cakephp_test/myApp/vendor/cakephp/cakephp/src/Controller/Controller.php:531
- /mnt/g/workspace/cakephp_test/myApp/vendor/cakephp/cakephp/src/Controller/ControllerFactory.php:151
- /mnt/g/workspace/cakephp_test/myApp/vendor/cakephp/cakephp/src/Http/BaseApplication.php:313
- /mnt/g/workspace/cakephp_test/myApp/vendor/cakephp/cakephp/src/Http/Runner.php:77
- /mnt/g/workspace/cakephp_test/myApp/vendor/cakephp/cakephp/src/Http/Middleware/CsrfProtectionMiddleware.php:159
- /mnt/g/workspace/cakephp_test/myApp/vendor/cakephp/cakephp/src/Http/Runner.php:73
- /mnt/g/workspace/cakephp_test/myApp/vendor/cakephp/cakephp/src/Http/Middleware/BodyParserMiddleware.php:159
- /mnt/g/workspace/cakephp_test/myApp/vendor/cakephp/cakephp/src/Http/Runner.php:73
- /mnt/g/workspace/cakephp_test/myApp/vendor/cakephp/cakephp/src/Routing/Middleware/RoutingMiddleware.php:161
- /mnt/g/workspace/cakephp_test/myApp/vendor/cakephp/cakephp/src/Http/Runner.php:73
- /mnt/g/workspace/cakephp_test/myApp/vendor/cakephp/cakephp/src/Routing/Middleware/AssetMiddleware.php:68
- /mnt/g/workspace/cakephp_test/myApp/vendor/cakephp/cakephp/src/Http/Runner.php:73
- /mnt/g/workspace/cakephp_test/myApp/vendor/cakephp/cakephp/src/Error/Middleware/ErrorHandlerMiddleware.php:126
- /mnt/g/workspace/cakephp_test/myApp/vendor/cakephp/cakephp/src/Http/Runner.php:73
- /mnt/g/workspace/cakephp_test/myApp/vendor/cakephp/cakephp/src/Http/Runner.php:58
- /mnt/g/workspace/cakephp_test/myApp/vendor/cakephp/cakephp/src/Http/Server.php:90
- /mnt/g/workspace/cakephp_test/myApp/vendor/cakephp/cakephp/src/TestSuite/MiddlewareDispatcher.php:142
- /mnt/g/workspace/cakephp_test/myApp/vendor/cakephp/cakephp/src/TestSuite/IntegrationTestTrait.php:471
- /mnt/g/workspace/cakephp_test/myApp/vendor/cakephp/cakephp/src/TestSuite/IntegrationTestTrait.php:357
- /mnt/g/workspace/cakephp_test/myApp/tests/TestCase/Controller/PagesControllerTest.php:66
- /mnt/g/workspace/cakephp_test/myApp/vendor/phpunit/phpunit/src/Framework/TestCase.php:1526
- /mnt/g/workspace/cakephp_test/myApp/vendor/phpunit/phpunit/src/Framework/TestCase.php:1132
- /mnt/g/workspace/cakephp_test/myApp/vendor/phpunit/phpunit/src/Framework/TestResult.php:722
- /mnt/g/workspace/cakephp_test/myApp/vendor/phpunit/phpunit/src/Framework/TestCase.php:884
- /mnt/g/workspace/cakephp_test/myApp/vendor/phpunit/phpunit/src/Framework/TestSuite.php:677
- /mnt/g/workspace/cakephp_test/myApp/vendor/phpunit/phpunit/src/Framework/TestSuite.php:677
- /mnt/g/workspace/cakephp_test/myApp/vendor/phpunit/phpunit/src/Framework/TestSuite.php:677
- /mnt/g/workspace/cakephp_test/myApp/vendor/phpunit/phpunit/src/TextUI/TestRunner.php:667
- /mnt/g/workspace/cakephp_test/myApp/vendor/phpunit/phpunit/src/TextUI/Command.php:142
- /mnt/g/workspace/cakephp_test/myApp/vendor/phpunit/phpunit/src/TextUI/Command.php:95
- /mnt/g/workspace/cakephp_test/myApp/vendor/phpunit/phpunit/phpunit:61

Request URL: /pages/not_existing


2021-02-17 15:27:10 Error: [Cake\View\Exception\MissingTemplateException] Template file `Pages/not_existing.php` could not be found.

The following paths were searched:

- `/mnt/g/workspace/cakephp_test/myApp/templates/Pages/not_existing.php`
- `/mnt/g/workspace/cakephp_test/myApp/vendor/cakephp/cakephp/templates/Pages/not_existing.php`
 in Pages/not_existing.php on line 1354
Exception Attributes: array (
  'file' => 'Pages/not_existing.php',
  'paths' => 
  array (
    0 => '/mnt/g/workspace/cakephp_test/myApp/templates/',
    1 => '/mnt/g/workspace/cakephp_test/myApp/vendor/cakephp/cakephp/templates/',
  ),
)
Stack Trace:
- /mnt/g/workspace/cakephp_test/myApp/vendor/cakephp/cakephp/src/View/View.php:761
- /mnt/g/workspace/cakephp_test/myApp/vendor/cakephp/cakephp/src/Controller/Controller.php:699
- /mnt/g/workspace/cakephp_test/myApp/src/Controller/PagesController.php:65
- /mnt/g/workspace/cakephp_test/myApp/vendor/cakephp/cakephp/src/Controller/Controller.php:531
- /mnt/g/workspace/cakephp_test/myApp/vendor/cakephp/cakephp/src/Controller/ControllerFactory.php:151
- /mnt/g/workspace/cakephp_test/myApp/vendor/cakephp/cakephp/src/Http/BaseApplication.php:313
- /mnt/g/workspace/cakephp_test/myApp/vendor/cakephp/cakephp/src/Http/Runner.php:77
- /mnt/g/workspace/cakephp_test/myApp/vendor/cakephp/cakephp/src/Http/Middleware/CsrfProtectionMiddleware.php:159
- /mnt/g/workspace/cakephp_test/myApp/vendor/cakephp/cakephp/src/Http/Runner.php:73
- /mnt/g/workspace/cakephp_test/myApp/vendor/cakephp/cakephp/src/Http/Middleware/BodyParserMiddleware.php:159
- /mnt/g/workspace/cakephp_test/myApp/vendor/cakephp/cakephp/src/Http/Runner.php:73
- /mnt/g/workspace/cakephp_test/myApp/vendor/cakephp/cakephp/src/Routing/Middleware/RoutingMiddleware.php:161
- /mnt/g/workspace/cakephp_test/myApp/vendor/cakephp/cakephp/src/Http/Runner.php:73
- /mnt/g/workspace/cakephp_test/myApp/vendor/cakephp/cakephp/src/Routing/Middleware/AssetMiddleware.php:68
- /mnt/g/workspace/cakephp_test/myApp/vendor/cakephp/cakephp/src/Http/Runner.php:73
- /mnt/g/workspace/cakephp_test/myApp/vendor/cakephp/cakephp/src/Error/Middleware/ErrorHandlerMiddleware.php:126
- /mnt/g/workspace/cakephp_test/myApp/vendor/cakephp/cakephp/src/Http/Runner.php:73
- /mnt/g/workspace/cakephp_test/myApp/vendor/cakephp/cakephp/src/Http/Runner.php:58
- /mnt/g/workspace/cakephp_test/myApp/vendor/cakephp/cakephp/src/Http/Server.php:90
- /mnt/g/workspace/cakephp_test/myApp/vendor/cakephp/cakephp/src/TestSuite/MiddlewareDispatcher.php:142
- /mnt/g/workspace/cakephp_test/myApp/vendor/cakephp/cakephp/src/TestSuite/IntegrationTestTrait.php:471
- /mnt/g/workspace/cakephp_test/myApp/vendor/cakephp/cakephp/src/TestSuite/IntegrationTestTrait.php:357
- /mnt/g/workspace/cakephp_test/myApp/tests/TestCase/Controller/PagesControllerTest.php:80
- /mnt/g/workspace/cakephp_test/myApp/vendor/phpunit/phpunit/src/Framework/TestCase.php:1526
- /mnt/g/workspace/cakephp_test/myApp/vendor/phpunit/phpunit/src/Framework/TestCase.php:1132
- /mnt/g/workspace/cakephp_test/myApp/vendor/phpunit/phpunit/src/Framework/TestResult.php:722
- /mnt/g/workspace/cakephp_test/myApp/vendor/phpunit/phpunit/src/Framework/TestCase.php:884
- /mnt/g/workspace/cakephp_test/myApp/vendor/phpunit/phpunit/src/Framework/TestSuite.php:677
- /mnt/g/workspace/cakephp_test/myApp/vendor/phpunit/phpunit/src/Framework/TestSuite.php:677
- /mnt/g/workspace/cakephp_test/myApp/vendor/phpunit/phpunit/src/Framework/TestSuite.php:677
- /mnt/g/workspace/cakephp_test/myApp/vendor/phpunit/phpunit/src/TextUI/TestRunner.php:667
- /mnt/g/workspace/cakephp_test/myApp/vendor/phpunit/phpunit/src/TextUI/Command.php:142
- /mnt/g/workspace/cakephp_test/myApp/vendor/phpunit/phpunit/src/TextUI/Command.php:95
- /mnt/g/workspace/cakephp_test/myApp/vendor/phpunit/phpunit/phpunit:61

Request URL: /pages/not_existing


2021-02-17 15:27:10 Error: [Cake\Http\Exception\ForbiddenException] Forbidden in /mnt/g/workspace/cakephp_test/myApp/src/Controller/PagesController.php on line 52
Stack Trace:
- /mnt/g/workspace/cakephp_test/myApp/vendor/cakephp/cakephp/src/Controller/Controller.php:531
- /mnt/g/workspace/cakephp_test/myApp/vendor/cakephp/cakephp/src/Controller/ControllerFactory.php:151
- /mnt/g/workspace/cakephp_test/myApp/vendor/cakephp/cakephp/src/Http/BaseApplication.php:313
- /mnt/g/workspace/cakephp_test/myApp/vendor/cakephp/cakephp/src/Http/Runner.php:77
- /mnt/g/workspace/cakephp_test/myApp/vendor/cakephp/cakephp/src/Http/Middleware/CsrfProtectionMiddleware.php:159
- /mnt/g/workspace/cakephp_test/myApp/vendor/cakephp/cakephp/src/Http/Runner.php:73
- /mnt/g/workspace/cakephp_test/myApp/vendor/cakephp/cakephp/src/Http/Middleware/BodyParserMiddleware.php:159
- /mnt/g/workspace/cakephp_test/myApp/vendor/cakephp/cakephp/src/Http/Runner.php:73
- /mnt/g/workspace/cakephp_test/myApp/vendor/cakephp/cakephp/src/Routing/Middleware/RoutingMiddleware.php:161
- /mnt/g/workspace/cakephp_test/myApp/vendor/cakephp/cakephp/src/Http/Runner.php:73
- /mnt/g/workspace/cakephp_test/myApp/vendor/cakephp/cakephp/src/Routing/Middleware/AssetMiddleware.php:68
- /mnt/g/workspace/cakephp_test/myApp/vendor/cakephp/cakephp/src/Http/Runner.php:73
- /mnt/g/workspace/cakephp_test/myApp/vendor/cakephp/cakephp/src/Error/Middleware/ErrorHandlerMiddleware.php:126
- /mnt/g/workspace/cakephp_test/myApp/vendor/cakephp/cakephp/src/Http/Runner.php:73
- /mnt/g/workspace/cakephp_test/myApp/vendor/cakephp/cakephp/src/Http/Runner.php:58
- /mnt/g/workspace/cakephp_test/myApp/vendor/cakephp/cakephp/src/Http/Server.php:90
- /mnt/g/workspace/cakephp_test/myApp/vendor/cakephp/cakephp/src/TestSuite/MiddlewareDispatcher.php:142
- /mnt/g/workspace/cakephp_test/myApp/vendor/cakephp/cakephp/src/TestSuite/IntegrationTestTrait.php:471
- /mnt/g/workspace/cakephp_test/myApp/vendor/cakephp/cakephp/src/TestSuite/IntegrationTestTrait.php:357
- /mnt/g/workspace/cakephp_test/myApp/tests/TestCase/Controller/PagesControllerTest.php:95
- /mnt/g/workspace/cakephp_test/myApp/vendor/phpunit/phpunit/src/Framework/TestCase.php:1526
- /mnt/g/workspace/cakephp_test/myApp/vendor/phpunit/phpunit/src/Framework/TestCase.php:1132
- /mnt/g/workspace/cakephp_test/myApp/vendor/phpunit/phpunit/src/Framework/TestResult.php:722
- /mnt/g/workspace/cakephp_test/myApp/vendor/phpunit/phpunit/src/Framework/TestCase.php:884
- /mnt/g/workspace/cakephp_test/myApp/vendor/phpunit/phpunit/src/Framework/TestSuite.php:677
- /mnt/g/workspace/cakephp_test/myApp/vendor/phpunit/phpunit/src/Framework/TestSuite.php:677
- /mnt/g/workspace/cakephp_test/myApp/vendor/phpunit/phpunit/src/Framework/TestSuite.php:677
- /mnt/g/workspace/cakephp_test/myApp/vendor/phpunit/phpunit/src/TextUI/TestRunner.php:667
- /mnt/g/workspace/cakephp_test/myApp/vendor/phpunit/phpunit/src/TextUI/Command.php:142
- /mnt/g/workspace/cakephp_test/myApp/vendor/phpunit/phpunit/src/TextUI/Command.php:95
- /mnt/g/workspace/cakephp_test/myApp/vendor/phpunit/phpunit/phpunit:61

Request URL: /pages/../Layout/ajax


2021-02-17 15:27:10 Error: [Cake\Http\Exception\InvalidCsrfTokenException] Missing or incorrect CSRF cookie type. in /mnt/g/workspace/cakephp_test/myApp/vendor/cakephp/cakephp/src/Http/Middleware/CsrfProtectionMiddleware.php on line 381
Stack Trace:
- /mnt/g/workspace/cakephp_test/myApp/vendor/cakephp/cakephp/src/Http/Middleware/CsrfProtectionMiddleware.php:165
- /mnt/g/workspace/cakephp_test/myApp/vendor/cakephp/cakephp/src/Http/Runner.php:73
- /mnt/g/workspace/cakephp_test/myApp/vendor/cakephp/cakephp/src/Http/Middleware/BodyParserMiddleware.php:164
- /mnt/g/workspace/cakephp_test/myApp/vendor/cakephp/cakephp/src/Http/Runner.php:73
- /mnt/g/workspace/cakephp_test/myApp/vendor/cakephp/cakephp/src/Routing/Middleware/RoutingMiddleware.php:161
- /mnt/g/workspace/cakephp_test/myApp/vendor/cakephp/cakephp/src/Http/Runner.php:73
- /mnt/g/workspace/cakephp_test/myApp/vendor/cakephp/cakephp/src/Routing/Middleware/AssetMiddleware.php:68
- /mnt/g/workspace/cakephp_test/myApp/vendor/cakephp/cakephp/src/Http/Runner.php:73
- /mnt/g/workspace/cakephp_test/myApp/vendor/cakephp/cakephp/src/Error/Middleware/ErrorHandlerMiddleware.php:126
- /mnt/g/workspace/cakephp_test/myApp/vendor/cakephp/cakephp/src/Http/Runner.php:73
- /mnt/g/workspace/cakephp_test/myApp/vendor/cakephp/cakephp/src/Http/Runner.php:58
- /mnt/g/workspace/cakephp_test/myApp/vendor/cakephp/cakephp/src/Http/Server.php:90
- /mnt/g/workspace/cakephp_test/myApp/vendor/cakephp/cakephp/src/TestSuite/MiddlewareDispatcher.php:142
- /mnt/g/workspace/cakephp_test/myApp/vendor/cakephp/cakephp/src/TestSuite/IntegrationTestTrait.php:471
- /mnt/g/workspace/cakephp_test/myApp/vendor/cakephp/cakephp/src/TestSuite/IntegrationTestTrait.php:373
- /mnt/g/workspace/cakephp_test/myApp/tests/TestCase/Controller/PagesControllerTest.php:107
- /mnt/g/workspace/cakephp_test/myApp/vendor/phpunit/phpunit/src/Framework/TestCase.php:1526
- /mnt/g/workspace/cakephp_test/myApp/vendor/phpunit/phpunit/src/Framework/TestCase.php:1132
- /mnt/g/workspace/cakephp_test/myApp/vendor/phpunit/phpunit/src/Framework/TestResult.php:722
- /mnt/g/workspace/cakephp_test/myApp/vendor/phpunit/phpunit/src/Framework/TestCase.php:884
- /mnt/g/workspace/cakephp_test/myApp/vendor/phpunit/phpunit/src/Framework/TestSuite.php:677
- /mnt/g/workspace/cakephp_test/myApp/vendor/phpunit/phpunit/src/Framework/TestSuite.php:677
- /mnt/g/workspace/cakephp_test/myApp/vendor/phpunit/phpunit/src/Framework/TestSuite.php:677
- /mnt/g/workspace/cakephp_test/myApp/vendor/phpunit/phpunit/src/TextUI/TestRunner.php:667
- /mnt/g/workspace/cakephp_test/myApp/vendor/phpunit/phpunit/src/TextUI/Command.php:142
- /mnt/g/workspace/cakephp_test/myApp/vendor/phpunit/phpunit/src/TextUI/Command.php:95
- /mnt/g/workspace/cakephp_test/myApp/vendor/phpunit/phpunit/phpunit:61

Request URL: /pages/home


2021-02-17 15:36:47 Error: [Cake\Database\Exception\MissingConnectionException] Connection to Mysql could not be established: SQLSTATE[HY000] [1045] Access denied for user 'my_app'@'localhost' (using password: YES) in /mnt/g/workspace/cakephp_test/myApp/vendor/cakephp/cakephp/src/Database/Driver.php on line 140
Exception Attributes: array (
  'driver' => 'Mysql',
  'reason' => 'SQLSTATE[HY000] [1045] Access denied for user \'my_app\'@\'localhost\' (using password: YES)',
)
Stack Trace:
- /mnt/g/workspace/cakephp_test/myApp/vendor/cakephp/cakephp/src/Database/Driver/Mysql.php:178
- /mnt/g/workspace/cakephp_test/myApp/vendor/cakephp/cakephp/src/Database/Schema/SchemaDialect.php:47
- /mnt/g/workspace/cakephp_test/myApp/vendor/cakephp/cakephp/src/Database/Driver/Mysql.php:230
- /mnt/g/workspace/cakephp_test/myApp/vendor/cakephp/cakephp/src/Database/Schema/Collection.php:53
- /mnt/g/workspace/cakephp_test/myApp/vendor/cakephp/cakephp/src/Database/Connection.php:399
- /mnt/g/workspace/cakephp_test/myApp/vendor/cakephp/bake/src/Utility/TableScanner.php:65
- /mnt/g/workspace/cakephp_test/myApp/vendor/cakephp/bake/src/Command/ModelCommand.php:1060
- /mnt/g/workspace/cakephp_test/myApp/vendor/cakephp/bake/src/Command/ModelCommand.php:191
- /mnt/g/workspace/cakephp_test/myApp/vendor/cakephp/bake/src/Command/ModelCommand.php:122
- /mnt/g/workspace/cakephp_test/myApp/vendor/cakephp/bake/src/Command/ModelCommand.php:98
- /mnt/g/workspace/cakephp_test/myApp/vendor/cakephp/bake/src/Command/ModelCommand.php:81
- /mnt/g/workspace/cakephp_test/myApp/vendor/cakephp/cakephp/src/Console/BaseCommand.php:179
- /mnt/g/workspace/cakephp_test/myApp/vendor/cakephp/cakephp/src/Console/CommandRunner.php:336
- /mnt/g/workspace/cakephp_test/myApp/vendor/cakephp/cakephp/src/Console/CommandRunner.php:172
- /mnt/g/workspace/cakephp_test/myApp/bin/cake.php:12

Caused by: [PDOException] SQLSTATE[HY000] [1045] Access denied for user 'my_app'@'localhost' (using password: YES) in /mnt/g/workspace/cakephp_test/myApp/vendor/cakephp/cakephp/src/Database/Driver.php on line 132
Stack Trace:
- /mnt/g/workspace/cakephp_test/myApp/vendor/cakephp/cakephp/src/Database/Driver.php:132
- /mnt/g/workspace/cakephp_test/myApp/vendor/cakephp/cakephp/src/Core/Retry/CommandRetry.php:70
- /mnt/g/workspace/cakephp_test/myApp/vendor/cakephp/cakephp/src/Database/Driver.php:138
- /mnt/g/workspace/cakephp_test/myApp/vendor/cakephp/cakephp/src/Database/Driver/Mysql.php:178
- /mnt/g/workspace/cakephp_test/myApp/vendor/cakephp/cakephp/src/Database/Schema/SchemaDialect.php:47
- /mnt/g/workspace/cakephp_test/myApp/vendor/cakephp/cakephp/src/Database/Driver/Mysql.php:230
- /mnt/g/workspace/cakephp_test/myApp/vendor/cakephp/cakephp/src/Database/Schema/Collection.php:53
- /mnt/g/workspace/cakephp_test/myApp/vendor/cakephp/cakephp/src/Database/Connection.php:399
- /mnt/g/workspace/cakephp_test/myApp/vendor/cakephp/bake/src/Utility/TableScanner.php:65
- /mnt/g/workspace/cakephp_test/myApp/vendor/cakephp/bake/src/Command/ModelCommand.php:1060
- /mnt/g/workspace/cakephp_test/myApp/vendor/cakephp/bake/src/Command/ModelCommand.php:191
- /mnt/g/workspace/cakephp_test/myApp/vendor/cakephp/bake/src/Command/ModelCommand.php:122
- /mnt/g/workspace/cakephp_test/myApp/vendor/cakephp/bake/src/Command/ModelCommand.php:98
- /mnt/g/workspace/cakephp_test/myApp/vendor/cakephp/bake/src/Command/ModelCommand.php:81
- /mnt/g/workspace/cakephp_test/myApp/vendor/cakephp/cakephp/src/Console/BaseCommand.php:179
- /mnt/g/workspace/cakephp_test/myApp/vendor/cakephp/cakephp/src/Console/CommandRunner.php:336
- /mnt/g/workspace/cakephp_test/myApp/vendor/cakephp/cakephp/src/Console/CommandRunner.php:172
- /mnt/g/workspace/cakephp_test/myApp/bin/cake.php:12



2021-02-17 15:41:09 Error: [RuntimeException] Your database does not have any tables. in /mnt/g/workspace/cakephp_test/myApp/vendor/cakephp/bake/src/Utility/TableScanner.php on line 68
Stack Trace:
- /mnt/g/workspace/cakephp_test/myApp/vendor/cakephp/bake/src/Command/ModelCommand.php:1060
- /mnt/g/workspace/cakephp_test/myApp/vendor/cakephp/bake/src/Command/ModelCommand.php:191
- /mnt/g/workspace/cakephp_test/myApp/vendor/cakephp/bake/src/Command/ModelCommand.php:122
- /mnt/g/workspace/cakephp_test/myApp/vendor/cakephp/bake/src/Command/ModelCommand.php:98
- /mnt/g/workspace/cakephp_test/myApp/vendor/cakephp/bake/src/Command/ModelCommand.php:81
- /mnt/g/workspace/cakephp_test/myApp/vendor/cakephp/cakephp/src/Console/BaseCommand.php:179
- /mnt/g/workspace/cakephp_test/myApp/vendor/cakephp/cakephp/src/Console/CommandRunner.php:336
- /mnt/g/workspace/cakephp_test/myApp/vendor/cakephp/cakephp/src/Console/CommandRunner.php:172
- /mnt/g/workspace/cakephp_test/myApp/bin/cake.php:12



2021-02-17 15:51:22 Error: [Cake\Http\Exception\NotFoundException] Not Found in /mnt/g/workspace/cakephp_test/myApp/src/Controller/PagesController.php on line 70
Stack Trace:
- /mnt/g/workspace/cakephp_test/myApp/vendor/cakephp/cakephp/src/Controller/Controller.php:531
- /mnt/g/workspace/cakephp_test/myApp/vendor/cakephp/cakephp/src/Controller/ControllerFactory.php:151
- /mnt/g/workspace/cakephp_test/myApp/vendor/cakephp/cakephp/src/Http/BaseApplication.php:313
- /mnt/g/workspace/cakephp_test/myApp/vendor/cakephp/cakephp/src/Http/Runner.php:77
- /mnt/g/workspace/cakephp_test/myApp/vendor/cakephp/cakephp/src/Http/Middleware/CsrfProtectionMiddleware.php:159
- /mnt/g/workspace/cakephp_test/myApp/vendor/cakephp/cakephp/src/Http/Runner.php:73
- /mnt/g/workspace/cakephp_test/myApp/vendor/cakephp/cakephp/src/Http/Middleware/BodyParserMiddleware.php:159
- /mnt/g/workspace/cakephp_test/myApp/vendor/cakephp/cakephp/src/Http/Runner.php:73
- /mnt/g/workspace/cakephp_test/myApp/vendor/cakephp/cakephp/src/Routing/Middleware/RoutingMiddleware.php:161
- /mnt/g/workspace/cakephp_test/myApp/vendor/cakephp/cakephp/src/Http/Runner.php:73
- /mnt/g/workspace/cakephp_test/myApp/vendor/cakephp/cakephp/src/Routing/Middleware/AssetMiddleware.php:68
- /mnt/g/workspace/cakephp_test/myApp/vendor/cakephp/cakephp/src/Http/Runner.php:73
- /mnt/g/workspace/cakephp_test/myApp/vendor/cakephp/cakephp/src/Error/Middleware/ErrorHandlerMiddleware.php:126
- /mnt/g/workspace/cakephp_test/myApp/vendor/cakephp/cakephp/src/Http/Runner.php:73
- /mnt/g/workspace/cakephp_test/myApp/vendor/cakephp/cakephp/src/Http/Runner.php:58
- /mnt/g/workspace/cakephp_test/myApp/vendor/cakephp/cakephp/src/Http/Server.php:90
- /mnt/g/workspace/cakephp_test/myApp/vendor/cakephp/cakephp/src/TestSuite/MiddlewareDispatcher.php:142
- /mnt/g/workspace/cakephp_test/myApp/vendor/cakephp/cakephp/src/TestSuite/IntegrationTestTrait.php:471
- /mnt/g/workspace/cakephp_test/myApp/vendor/cakephp/cakephp/src/TestSuite/IntegrationTestTrait.php:357
- /mnt/g/workspace/cakephp_test/myApp/tests/TestCase/Controller/PagesControllerTest.php:66
- /mnt/g/workspace/cakephp_test/myApp/vendor/phpunit/phpunit/src/Framework/TestCase.php:1526
- /mnt/g/workspace/cakephp_test/myApp/vendor/phpunit/phpunit/src/Framework/TestCase.php:1132
- /mnt/g/workspace/cakephp_test/myApp/vendor/phpunit/phpunit/src/Framework/TestResult.php:722
- /mnt/g/workspace/cakephp_test/myApp/vendor/phpunit/phpunit/src/Framework/TestCase.php:884
- /mnt/g/workspace/cakephp_test/myApp/vendor/phpunit/phpunit/src/Framework/TestSuite.php:677
- /mnt/g/workspace/cakephp_test/myApp/vendor/phpunit/phpunit/src/Framework/TestSuite.php:677
- /mnt/g/workspace/cakephp_test/myApp/vendor/phpunit/phpunit/src/Framework/TestSuite.php:677
- /mnt/g/workspace/cakephp_test/myApp/vendor/phpunit/phpunit/src/TextUI/TestRunner.php:667
- /mnt/g/workspace/cakephp_test/myApp/vendor/phpunit/phpunit/src/TextUI/Command.php:142
- /mnt/g/workspace/cakephp_test/myApp/vendor/phpunit/phpunit/src/TextUI/Command.php:95
- /mnt/g/workspace/cakephp_test/myApp/vendor/phpunit/phpunit/phpunit:61

Request URL: /pages/not_existing


2021-02-17 15:51:23 Error: [Cake\View\Exception\MissingTemplateException] Template file `Pages/not_existing.php` could not be found.

The following paths were searched:

- `/mnt/g/workspace/cakephp_test/myApp/templates/Pages/not_existing.php`
- `/mnt/g/workspace/cakephp_test/myApp/vendor/cakephp/cakephp/templates/Pages/not_existing.php`
 in Pages/not_existing.php on line 1354
Exception Attributes: array (
  'file' => 'Pages/not_existing.php',
  'paths' => 
  array (
    0 => '/mnt/g/workspace/cakephp_test/myApp/templates/',
    1 => '/mnt/g/workspace/cakephp_test/myApp/vendor/cakephp/cakephp/templates/',
  ),
)
Stack Trace:
- /mnt/g/workspace/cakephp_test/myApp/vendor/cakephp/cakephp/src/View/View.php:761
- /mnt/g/workspace/cakephp_test/myApp/vendor/cakephp/cakephp/src/Controller/Controller.php:699
- /mnt/g/workspace/cakephp_test/myApp/src/Controller/PagesController.php:65
- /mnt/g/workspace/cakephp_test/myApp/vendor/cakephp/cakephp/src/Controller/Controller.php:531
- /mnt/g/workspace/cakephp_test/myApp/vendor/cakephp/cakephp/src/Controller/ControllerFactory.php:151
- /mnt/g/workspace/cakephp_test/myApp/vendor/cakephp/cakephp/src/Http/BaseApplication.php:313
- /mnt/g/workspace/cakephp_test/myApp/vendor/cakephp/cakephp/src/Http/Runner.php:77
- /mnt/g/workspace/cakephp_test/myApp/vendor/cakephp/cakephp/src/Http/Middleware/CsrfProtectionMiddleware.php:159
- /mnt/g/workspace/cakephp_test/myApp/vendor/cakephp/cakephp/src/Http/Runner.php:73
- /mnt/g/workspace/cakephp_test/myApp/vendor/cakephp/cakephp/src/Http/Middleware/BodyParserMiddleware.php:159
- /mnt/g/workspace/cakephp_test/myApp/vendor/cakephp/cakephp/src/Http/Runner.php:73
- /mnt/g/workspace/cakephp_test/myApp/vendor/cakephp/cakephp/src/Routing/Middleware/RoutingMiddleware.php:161
- /mnt/g/workspace/cakephp_test/myApp/vendor/cakephp/cakephp/src/Http/Runner.php:73
- /mnt/g/workspace/cakephp_test/myApp/vendor/cakephp/cakephp/src/Routing/Middleware/AssetMiddleware.php:68
- /mnt/g/workspace/cakephp_test/myApp/vendor/cakephp/cakephp/src/Http/Runner.php:73
- /mnt/g/workspace/cakephp_test/myApp/vendor/cakephp/cakephp/src/Error/Middleware/ErrorHandlerMiddleware.php:126
- /mnt/g/workspace/cakephp_test/myApp/vendor/cakephp/cakephp/src/Http/Runner.php:73
- /mnt/g/workspace/cakephp_test/myApp/vendor/cakephp/cakephp/src/Http/Runner.php:58
- /mnt/g/workspace/cakephp_test/myApp/vendor/cakephp/cakephp/src/Http/Server.php:90
- /mnt/g/workspace/cakephp_test/myApp/vendor/cakephp/cakephp/src/TestSuite/MiddlewareDispatcher.php:142
- /mnt/g/workspace/cakephp_test/myApp/vendor/cakephp/cakephp/src/TestSuite/IntegrationTestTrait.php:471
- /mnt/g/workspace/cakephp_test/myApp/vendor/cakephp/cakephp/src/TestSuite/IntegrationTestTrait.php:357
- /mnt/g/workspace/cakephp_test/myApp/tests/TestCase/Controller/PagesControllerTest.php:80
- /mnt/g/workspace/cakephp_test/myApp/vendor/phpunit/phpunit/src/Framework/TestCase.php:1526
- /mnt/g/workspace/cakephp_test/myApp/vendor/phpunit/phpunit/src/Framework/TestCase.php:1132
- /mnt/g/workspace/cakephp_test/myApp/vendor/phpunit/phpunit/src/Framework/TestResult.php:722
- /mnt/g/workspace/cakephp_test/myApp/vendor/phpunit/phpunit/src/Framework/TestCase.php:884
- /mnt/g/workspace/cakephp_test/myApp/vendor/phpunit/phpunit/src/Framework/TestSuite.php:677
- /mnt/g/workspace/cakephp_test/myApp/vendor/phpunit/phpunit/src/Framework/TestSuite.php:677
- /mnt/g/workspace/cakephp_test/myApp/vendor/phpunit/phpunit/src/Framework/TestSuite.php:677
- /mnt/g/workspace/cakephp_test/myApp/vendor/phpunit/phpunit/src/TextUI/TestRunner.php:667
- /mnt/g/workspace/cakephp_test/myApp/vendor/phpunit/phpunit/src/TextUI/Command.php:142
- /mnt/g/workspace/cakephp_test/myApp/vendor/phpunit/phpunit/src/TextUI/Command.php:95
- /mnt/g/workspace/cakephp_test/myApp/vendor/phpunit/phpunit/phpunit:61

Request URL: /pages/not_existing


2021-02-17 15:51:23 Error: [Cake\Http\Exception\ForbiddenException] Forbidden in /mnt/g/workspace/cakephp_test/myApp/src/Controller/PagesController.php on line 52
Stack Trace:
- /mnt/g/workspace/cakephp_test/myApp/vendor/cakephp/cakephp/src/Controller/Controller.php:531
- /mnt/g/workspace/cakephp_test/myApp/vendor/cakephp/cakephp/src/Controller/ControllerFactory.php:151
- /mnt/g/workspace/cakephp_test/myApp/vendor/cakephp/cakephp/src/Http/BaseApplication.php:313
- /mnt/g/workspace/cakephp_test/myApp/vendor/cakephp/cakephp/src/Http/Runner.php:77
- /mnt/g/workspace/cakephp_test/myApp/vendor/cakephp/cakephp/src/Http/Middleware/CsrfProtectionMiddleware.php:159
- /mnt/g/workspace/cakephp_test/myApp/vendor/cakephp/cakephp/src/Http/Runner.php:73
- /mnt/g/workspace/cakephp_test/myApp/vendor/cakephp/cakephp/src/Http/Middleware/BodyParserMiddleware.php:159
- /mnt/g/workspace/cakephp_test/myApp/vendor/cakephp/cakephp/src/Http/Runner.php:73
- /mnt/g/workspace/cakephp_test/myApp/vendor/cakephp/cakephp/src/Routing/Middleware/RoutingMiddleware.php:161
- /mnt/g/workspace/cakephp_test/myApp/vendor/cakephp/cakephp/src/Http/Runner.php:73
- /mnt/g/workspace/cakephp_test/myApp/vendor/cakephp/cakephp/src/Routing/Middleware/AssetMiddleware.php:68
- /mnt/g/workspace/cakephp_test/myApp/vendor/cakephp/cakephp/src/Http/Runner.php:73
- /mnt/g/workspace/cakephp_test/myApp/vendor/cakephp/cakephp/src/Error/Middleware/ErrorHandlerMiddleware.php:126
- /mnt/g/workspace/cakephp_test/myApp/vendor/cakephp/cakephp/src/Http/Runner.php:73
- /mnt/g/workspace/cakephp_test/myApp/vendor/cakephp/cakephp/src/Http/Runner.php:58
- /mnt/g/workspace/cakephp_test/myApp/vendor/cakephp/cakephp/src/Http/Server.php:90
- /mnt/g/workspace/cakephp_test/myApp/vendor/cakephp/cakephp/src/TestSuite/MiddlewareDispatcher.php:142
- /mnt/g/workspace/cakephp_test/myApp/vendor/cakephp/cakephp/src/TestSuite/IntegrationTestTrait.php:471
- /mnt/g/workspace/cakephp_test/myApp/vendor/cakephp/cakephp/src/TestSuite/IntegrationTestTrait.php:357
- /mnt/g/workspace/cakephp_test/myApp/tests/TestCase/Controller/PagesControllerTest.php:95
- /mnt/g/workspace/cakephp_test/myApp/vendor/phpunit/phpunit/src/Framework/TestCase.php:1526
- /mnt/g/workspace/cakephp_test/myApp/vendor/phpunit/phpunit/src/Framework/TestCase.php:1132
- /mnt/g/workspace/cakephp_test/myApp/vendor/phpunit/phpunit/src/Framework/TestResult.php:722
- /mnt/g/workspace/cakephp_test/myApp/vendor/phpunit/phpunit/src/Framework/TestCase.php:884
- /mnt/g/workspace/cakephp_test/myApp/vendor/phpunit/phpunit/src/Framework/TestSuite.php:677
- /mnt/g/workspace/cakephp_test/myApp/vendor/phpunit/phpunit/src/Framework/TestSuite.php:677
- /mnt/g/workspace/cakephp_test/myApp/vendor/phpunit/phpunit/src/Framework/TestSuite.php:677
- /mnt/g/workspace/cakephp_test/myApp/vendor/phpunit/phpunit/src/TextUI/TestRunner.php:667
- /mnt/g/workspace/cakephp_test/myApp/vendor/phpunit/phpunit/src/TextUI/Command.php:142
- /mnt/g/workspace/cakephp_test/myApp/vendor/phpunit/phpunit/src/TextUI/Command.php:95
- /mnt/g/workspace/cakephp_test/myApp/vendor/phpunit/phpunit/phpunit:61

Request URL: /pages/../Layout/ajax


2021-02-17 15:51:23 Error: [Cake\Http\Exception\InvalidCsrfTokenException] Missing or incorrect CSRF cookie type. in /mnt/g/workspace/cakephp_test/myApp/vendor/cakephp/cakephp/src/Http/Middleware/CsrfProtectionMiddleware.php on line 381
Stack Trace:
- /mnt/g/workspace/cakephp_test/myApp/vendor/cakephp/cakephp/src/Http/Middleware/CsrfProtectionMiddleware.php:165
- /mnt/g/workspace/cakephp_test/myApp/vendor/cakephp/cakephp/src/Http/Runner.php:73
- /mnt/g/workspace/cakephp_test/myApp/vendor/cakephp/cakephp/src/Http/Middleware/BodyParserMiddleware.php:164
- /mnt/g/workspace/cakephp_test/myApp/vendor/cakephp/cakephp/src/Http/Runner.php:73
- /mnt/g/workspace/cakephp_test/myApp/vendor/cakephp/cakephp/src/Routing/Middleware/RoutingMiddleware.php:161
- /mnt/g/workspace/cakephp_test/myApp/vendor/cakephp/cakephp/src/Http/Runner.php:73
- /mnt/g/workspace/cakephp_test/myApp/vendor/cakephp/cakephp/src/Routing/Middleware/AssetMiddleware.php:68
- /mnt/g/workspace/cakephp_test/myApp/vendor/cakephp/cakephp/src/Http/Runner.php:73
- /mnt/g/workspace/cakephp_test/myApp/vendor/cakephp/cakephp/src/Error/Middleware/ErrorHandlerMiddleware.php:126
- /mnt/g/workspace/cakephp_test/myApp/vendor/cakephp/cakephp/src/Http/Runner.php:73
- /mnt/g/workspace/cakephp_test/myApp/vendor/cakephp/cakephp/src/Http/Runner.php:58
- /mnt/g/workspace/cakephp_test/myApp/vendor/cakephp/cakephp/src/Http/Server.php:90
- /mnt/g/workspace/cakephp_test/myApp/vendor/cakephp/cakephp/src/TestSuite/MiddlewareDispatcher.php:142
- /mnt/g/workspace/cakephp_test/myApp/vendor/cakephp/cakephp/src/TestSuite/IntegrationTestTrait.php:471
- /mnt/g/workspace/cakephp_test/myApp/vendor/cakephp/cakephp/src/TestSuite/IntegrationTestTrait.php:373
- /mnt/g/workspace/cakephp_test/myApp/tests/TestCase/Controller/PagesControllerTest.php:107
- /mnt/g/workspace/cakephp_test/myApp/vendor/phpunit/phpunit/src/Framework/TestCase.php:1526
- /mnt/g/workspace/cakephp_test/myApp/vendor/phpunit/phpunit/src/Framework/TestCase.php:1132
- /mnt/g/workspace/cakephp_test/myApp/vendor/phpunit/phpunit/src/Framework/TestResult.php:722
- /mnt/g/workspace/cakephp_test/myApp/vendor/phpunit/phpunit/src/Framework/TestCase.php:884
- /mnt/g/workspace/cakephp_test/myApp/vendor/phpunit/phpunit/src/Framework/TestSuite.php:677
- /mnt/g/workspace/cakephp_test/myApp/vendor/phpunit/phpunit/src/Framework/TestSuite.php:677
- /mnt/g/workspace/cakephp_test/myApp/vendor/phpunit/phpunit/src/Framework/TestSuite.php:677
- /mnt/g/workspace/cakephp_test/myApp/vendor/phpunit/phpunit/src/TextUI/TestRunner.php:667
- /mnt/g/workspace/cakephp_test/myApp/vendor/phpunit/phpunit/src/TextUI/Command.php:142
- /mnt/g/workspace/cakephp_test/myApp/vendor/phpunit/phpunit/src/TextUI/Command.php:95
- /mnt/g/workspace/cakephp_test/myApp/vendor/phpunit/phpunit/phpunit:61

Request URL: /pages/home


2021-02-17 16:10:45 Error: [Cake\Http\Exception\NotFoundException] Not Found in /mnt/g/workspace/cakephp_test/myApp/src/Controller/PagesController.php on line 70
Stack Trace:
- /mnt/g/workspace/cakephp_test/myApp/vendor/cakephp/cakephp/src/Controller/Controller.php:531
- /mnt/g/workspace/cakephp_test/myApp/vendor/cakephp/cakephp/src/Controller/ControllerFactory.php:151
- /mnt/g/workspace/cakephp_test/myApp/vendor/cakephp/cakephp/src/Http/BaseApplication.php:313
- /mnt/g/workspace/cakephp_test/myApp/vendor/cakephp/cakephp/src/Http/Runner.php:77
- /mnt/g/workspace/cakephp_test/myApp/vendor/cakephp/cakephp/src/Http/Middleware/CsrfProtectionMiddleware.php:159
- /mnt/g/workspace/cakephp_test/myApp/vendor/cakephp/cakephp/src/Http/Runner.php:73
- /mnt/g/workspace/cakephp_test/myApp/vendor/cakephp/cakephp/src/Http/Middleware/BodyParserMiddleware.php:159
- /mnt/g/workspace/cakephp_test/myApp/vendor/cakephp/cakephp/src/Http/Runner.php:73
- /mnt/g/workspace/cakephp_test/myApp/vendor/cakephp/cakephp/src/Routing/Middleware/RoutingMiddleware.php:161
- /mnt/g/workspace/cakephp_test/myApp/vendor/cakephp/cakephp/src/Http/Runner.php:73
- /mnt/g/workspace/cakephp_test/myApp/vendor/cakephp/cakephp/src/Routing/Middleware/AssetMiddleware.php:68
- /mnt/g/workspace/cakephp_test/myApp/vendor/cakephp/cakephp/src/Http/Runner.php:73
- /mnt/g/workspace/cakephp_test/myApp/vendor/cakephp/cakephp/src/Error/Middleware/ErrorHandlerMiddleware.php:126
- /mnt/g/workspace/cakephp_test/myApp/vendor/cakephp/cakephp/src/Http/Runner.php:73
- /mnt/g/workspace/cakephp_test/myApp/vendor/cakephp/cakephp/src/Http/Runner.php:58
- /mnt/g/workspace/cakephp_test/myApp/vendor/cakephp/cakephp/src/Http/Server.php:90
- /mnt/g/workspace/cakephp_test/myApp/vendor/cakephp/cakephp/src/TestSuite/MiddlewareDispatcher.php:142
- /mnt/g/workspace/cakephp_test/myApp/vendor/cakephp/cakephp/src/TestSuite/IntegrationTestTrait.php:471
- /mnt/g/workspace/cakephp_test/myApp/vendor/cakephp/cakephp/src/TestSuite/IntegrationTestTrait.php:357
- /mnt/g/workspace/cakephp_test/myApp/tests/TestCase/Controller/PagesControllerTest.php:66
- /mnt/g/workspace/cakephp_test/myApp/vendor/phpunit/phpunit/src/Framework/TestCase.php:1526
- /mnt/g/workspace/cakephp_test/myApp/vendor/phpunit/phpunit/src/Framework/TestCase.php:1132
- /mnt/g/workspace/cakephp_test/myApp/vendor/phpunit/phpunit/src/Framework/TestResult.php:722
- /mnt/g/workspace/cakephp_test/myApp/vendor/phpunit/phpunit/src/Framework/TestCase.php:884
- /mnt/g/workspace/cakephp_test/myApp/vendor/phpunit/phpunit/src/Framework/TestSuite.php:677
- /mnt/g/workspace/cakephp_test/myApp/vendor/phpunit/phpunit/src/Framework/TestSuite.php:677
- /mnt/g/workspace/cakephp_test/myApp/vendor/phpunit/phpunit/src/TextUI/TestRunner.php:667
- /mnt/g/workspace/cakephp_test/myApp/vendor/phpunit/phpunit/src/TextUI/Command.php:142
- /mnt/g/workspace/cakephp_test/myApp/vendor/phpunit/phpunit/src/TextUI/Command.php:95
- /mnt/g/workspace/cakephp_test/myApp/vendor/phpunit/phpunit/phpunit:61

Request URL: /pages/not_existing


2021-02-17 16:10:45 Error: [Cake\View\Exception\MissingTemplateException] Template file `Pages/not_existing.php` could not be found.

The following paths were searched:

- `/mnt/g/workspace/cakephp_test/myApp/templates/Pages/not_existing.php`
- `/mnt/g/workspace/cakephp_test/myApp/vendor/cakephp/cakephp/templates/Pages/not_existing.php`
 in Pages/not_existing.php on line 1354
Exception Attributes: array (
  'file' => 'Pages/not_existing.php',
  'paths' => 
  array (
    0 => '/mnt/g/workspace/cakephp_test/myApp/templates/',
    1 => '/mnt/g/workspace/cakephp_test/myApp/vendor/cakephp/cakephp/templates/',
  ),
)
Stack Trace:
- /mnt/g/workspace/cakephp_test/myApp/vendor/cakephp/cakephp/src/View/View.php:761
- /mnt/g/workspace/cakephp_test/myApp/vendor/cakephp/cakephp/src/Controller/Controller.php:699
- /mnt/g/workspace/cakephp_test/myApp/src/Controller/PagesController.php:65
- /mnt/g/workspace/cakephp_test/myApp/vendor/cakephp/cakephp/src/Controller/Controller.php:531
- /mnt/g/workspace/cakephp_test/myApp/vendor/cakephp/cakephp/src/Controller/ControllerFactory.php:151
- /mnt/g/workspace/cakephp_test/myApp/vendor/cakephp/cakephp/src/Http/BaseApplication.php:313
- /mnt/g/workspace/cakephp_test/myApp/vendor/cakephp/cakephp/src/Http/Runner.php:77
- /mnt/g/workspace/cakephp_test/myApp/vendor/cakephp/cakephp/src/Http/Middleware/CsrfProtectionMiddleware.php:159
- /mnt/g/workspace/cakephp_test/myApp/vendor/cakephp/cakephp/src/Http/Runner.php:73
- /mnt/g/workspace/cakephp_test/myApp/vendor/cakephp/cakephp/src/Http/Middleware/BodyParserMiddleware.php:159
- /mnt/g/workspace/cakephp_test/myApp/vendor/cakephp/cakephp/src/Http/Runner.php:73
- /mnt/g/workspace/cakephp_test/myApp/vendor/cakephp/cakephp/src/Routing/Middleware/RoutingMiddleware.php:161
- /mnt/g/workspace/cakephp_test/myApp/vendor/cakephp/cakephp/src/Http/Runner.php:73
- /mnt/g/workspace/cakephp_test/myApp/vendor/cakephp/cakephp/src/Routing/Middleware/AssetMiddleware.php:68
- /mnt/g/workspace/cakephp_test/myApp/vendor/cakephp/cakephp/src/Http/Runner.php:73
- /mnt/g/workspace/cakephp_test/myApp/vendor/cakephp/cakephp/src/Error/Middleware/ErrorHandlerMiddleware.php:126
- /mnt/g/workspace/cakephp_test/myApp/vendor/cakephp/cakephp/src/Http/Runner.php:73
- /mnt/g/workspace/cakephp_test/myApp/vendor/cakephp/cakephp/src/Http/Runner.php:58
- /mnt/g/workspace/cakephp_test/myApp/vendor/cakephp/cakephp/src/Http/Server.php:90
- /mnt/g/workspace/cakephp_test/myApp/vendor/cakephp/cakephp/src/TestSuite/MiddlewareDispatcher.php:142
- /mnt/g/workspace/cakephp_test/myApp/vendor/cakephp/cakephp/src/TestSuite/IntegrationTestTrait.php:471
- /mnt/g/workspace/cakephp_test/myApp/vendor/cakephp/cakephp/src/TestSuite/IntegrationTestTrait.php:357
- /mnt/g/workspace/cakephp_test/myApp/tests/TestCase/Controller/PagesControllerTest.php:80
- /mnt/g/workspace/cakephp_test/myApp/vendor/phpunit/phpunit/src/Framework/TestCase.php:1526
- /mnt/g/workspace/cakephp_test/myApp/vendor/phpunit/phpunit/src/Framework/TestCase.php:1132
- /mnt/g/workspace/cakephp_test/myApp/vendor/phpunit/phpunit/src/Framework/TestResult.php:722
- /mnt/g/workspace/cakephp_test/myApp/vendor/phpunit/phpunit/src/Framework/TestCase.php:884
- /mnt/g/workspace/cakephp_test/myApp/vendor/phpunit/phpunit/src/Framework/TestSuite.php:677
- /mnt/g/workspace/cakephp_test/myApp/vendor/phpunit/phpunit/src/Framework/TestSuite.php:677
- /mnt/g/workspace/cakephp_test/myApp/vendor/phpunit/phpunit/src/TextUI/TestRunner.php:667
- /mnt/g/workspace/cakephp_test/myApp/vendor/phpunit/phpunit/src/TextUI/Command.php:142
- /mnt/g/workspace/cakephp_test/myApp/vendor/phpunit/phpunit/src/TextUI/Command.php:95
- /mnt/g/workspace/cakephp_test/myApp/vendor/phpunit/phpunit/phpunit:61

Request URL: /pages/not_existing


2021-02-17 16:10:46 Error: [Cake\Http\Exception\ForbiddenException] Forbidden in /mnt/g/workspace/cakephp_test/myApp/src/Controller/PagesController.php on line 52
Stack Trace:
- /mnt/g/workspace/cakephp_test/myApp/vendor/cakephp/cakephp/src/Controller/Controller.php:531
- /mnt/g/workspace/cakephp_test/myApp/vendor/cakephp/cakephp/src/Controller/ControllerFactory.php:151
- /mnt/g/workspace/cakephp_test/myApp/vendor/cakephp/cakephp/src/Http/BaseApplication.php:313
- /mnt/g/workspace/cakephp_test/myApp/vendor/cakephp/cakephp/src/Http/Runner.php:77
- /mnt/g/workspace/cakephp_test/myApp/vendor/cakephp/cakephp/src/Http/Middleware/CsrfProtectionMiddleware.php:159
- /mnt/g/workspace/cakephp_test/myApp/vendor/cakephp/cakephp/src/Http/Runner.php:73
- /mnt/g/workspace/cakephp_test/myApp/vendor/cakephp/cakephp/src/Http/Middleware/BodyParserMiddleware.php:159
- /mnt/g/workspace/cakephp_test/myApp/vendor/cakephp/cakephp/src/Http/Runner.php:73
- /mnt/g/workspace/cakephp_test/myApp/vendor/cakephp/cakephp/src/Routing/Middleware/RoutingMiddleware.php:161
- /mnt/g/workspace/cakephp_test/myApp/vendor/cakephp/cakephp/src/Http/Runner.php:73
- /mnt/g/workspace/cakephp_test/myApp/vendor/cakephp/cakephp/src/Routing/Middleware/AssetMiddleware.php:68
- /mnt/g/workspace/cakephp_test/myApp/vendor/cakephp/cakephp/src/Http/Runner.php:73
- /mnt/g/workspace/cakephp_test/myApp/vendor/cakephp/cakephp/src/Error/Middleware/ErrorHandlerMiddleware.php:126
- /mnt/g/workspace/cakephp_test/myApp/vendor/cakephp/cakephp/src/Http/Runner.php:73
- /mnt/g/workspace/cakephp_test/myApp/vendor/cakephp/cakephp/src/Http/Runner.php:58
- /mnt/g/workspace/cakephp_test/myApp/vendor/cakephp/cakephp/src/Http/Server.php:90
- /mnt/g/workspace/cakephp_test/myApp/vendor/cakephp/cakephp/src/TestSuite/MiddlewareDispatcher.php:142
- /mnt/g/workspace/cakephp_test/myApp/vendor/cakephp/cakephp/src/TestSuite/IntegrationTestTrait.php:471
- /mnt/g/workspace/cakephp_test/myApp/vendor/cakephp/cakephp/src/TestSuite/IntegrationTestTrait.php:357
- /mnt/g/workspace/cakephp_test/myApp/tests/TestCase/Controller/PagesControllerTest.php:95
- /mnt/g/workspace/cakephp_test/myApp/vendor/phpunit/phpunit/src/Framework/TestCase.php:1526
- /mnt/g/workspace/cakephp_test/myApp/vendor/phpunit/phpunit/src/Framework/TestCase.php:1132
- /mnt/g/workspace/cakephp_test/myApp/vendor/phpunit/phpunit/src/Framework/TestResult.php:722
- /mnt/g/workspace/cakephp_test/myApp/vendor/phpunit/phpunit/src/Framework/TestCase.php:884
- /mnt/g/workspace/cakephp_test/myApp/vendor/phpunit/phpunit/src/Framework/TestSuite.php:677
- /mnt/g/workspace/cakephp_test/myApp/vendor/phpunit/phpunit/src/Framework/TestSuite.php:677
- /mnt/g/workspace/cakephp_test/myApp/vendor/phpunit/phpunit/src/TextUI/TestRunner.php:667
- /mnt/g/workspace/cakephp_test/myApp/vendor/phpunit/phpunit/src/TextUI/Command.php:142
- /mnt/g/workspace/cakephp_test/myApp/vendor/phpunit/phpunit/src/TextUI/Command.php:95
- /mnt/g/workspace/cakephp_test/myApp/vendor/phpunit/phpunit/phpunit:61

Request URL: /pages/../Layout/ajax


2021-02-17 16:10:46 Error: [Cake\Http\Exception\InvalidCsrfTokenException] Missing or incorrect CSRF cookie type. in /mnt/g/workspace/cakephp_test/myApp/vendor/cakephp/cakephp/src/Http/Middleware/CsrfProtectionMiddleware.php on line 381
Stack Trace:
- /mnt/g/workspace/cakephp_test/myApp/vendor/cakephp/cakephp/src/Http/Middleware/CsrfProtectionMiddleware.php:165
- /mnt/g/workspace/cakephp_test/myApp/vendor/cakephp/cakephp/src/Http/Runner.php:73
- /mnt/g/workspace/cakephp_test/myApp/vendor/cakephp/cakephp/src/Http/Middleware/BodyParserMiddleware.php:164
- /mnt/g/workspace/cakephp_test/myApp/vendor/cakephp/cakephp/src/Http/Runner.php:73
- /mnt/g/workspace/cakephp_test/myApp/vendor/cakephp/cakephp/src/Routing/Middleware/RoutingMiddleware.php:161
- /mnt/g/workspace/cakephp_test/myApp/vendor/cakephp/cakephp/src/Http/Runner.php:73
- /mnt/g/workspace/cakephp_test/myApp/vendor/cakephp/cakephp/src/Routing/Middleware/AssetMiddleware.php:68
- /mnt/g/workspace/cakephp_test/myApp/vendor/cakephp/cakephp/src/Http/Runner.php:73
- /mnt/g/workspace/cakephp_test/myApp/vendor/cakephp/cakephp/src/Error/Middleware/ErrorHandlerMiddleware.php:126
- /mnt/g/workspace/cakephp_test/myApp/vendor/cakephp/cakephp/src/Http/Runner.php:73
- /mnt/g/workspace/cakephp_test/myApp/vendor/cakephp/cakephp/src/Http/Runner.php:58
- /mnt/g/workspace/cakephp_test/myApp/vendor/cakephp/cakephp/src/Http/Server.php:90
- /mnt/g/workspace/cakephp_test/myApp/vendor/cakephp/cakephp/src/TestSuite/MiddlewareDispatcher.php:142
- /mnt/g/workspace/cakephp_test/myApp/vendor/cakephp/cakephp/src/TestSuite/IntegrationTestTrait.php:471
- /mnt/g/workspace/cakephp_test/myApp/vendor/cakephp/cakephp/src/TestSuite/IntegrationTestTrait.php:373
- /mnt/g/workspace/cakephp_test/myApp/tests/TestCase/Controller/PagesControllerTest.php:107
- /mnt/g/workspace/cakephp_test/myApp/vendor/phpunit/phpunit/src/Framework/TestCase.php:1526
- /mnt/g/workspace/cakephp_test/myApp/vendor/phpunit/phpunit/src/Framework/TestCase.php:1132
- /mnt/g/workspace/cakephp_test/myApp/vendor/phpunit/phpunit/src/Framework/TestResult.php:722
- /mnt/g/workspace/cakephp_test/myApp/vendor/phpunit/phpunit/src/Framework/TestCase.php:884
- /mnt/g/workspace/cakephp_test/myApp/vendor/phpunit/phpunit/src/Framework/TestSuite.php:677
- /mnt/g/workspace/cakephp_test/myApp/vendor/phpunit/phpunit/src/Framework/TestSuite.php:677
- /mnt/g/workspace/cakephp_test/myApp/vendor/phpunit/phpunit/src/TextUI/TestRunner.php:667
- /mnt/g/workspace/cakephp_test/myApp/vendor/phpunit/phpunit/src/TextUI/Command.php:142
- /mnt/g/workspace/cakephp_test/myApp/vendor/phpunit/phpunit/src/TextUI/Command.php:95
- /mnt/g/workspace/cakephp_test/myApp/vendor/phpunit/phpunit/phpunit:61

Request URL: /pages/home


